Release 14.7 - xst P.20131013 (nt64)
Copyright (c) 1995-2013 Xilinx, Inc.  All rights reserved.
--> Parameter TMPDIR set to xst/projnav.tmp


Total REAL time to Xst completion: 1.00 secs
Total CPU time to Xst completion: 0.49 secs
 
--> Parameter xsthdpdir set to xst


Total REAL time to Xst completion: 1.00 secs
Total CPU time to Xst completion: 0.49 secs
 
--> Reading design: alu.prj

TABLE OF CONTENTS
  1) Synthesis Options Summary
  2) HDL Parsing
  3) HDL Elaboration
  4) HDL Synthesis
       4.1) HDL Synthesis Report
  5) Advanced HDL Synthesis
       5.1) Advanced HDL Synthesis Report
  6) Low Level Synthesis
  7) Partition Report
  8) Design Summary
       8.1) Primitive and Black Box Usage
       8.2) Device utilization summary
       8.3) Partition Resource Summary
       8.4) Timing Report
            8.4.1) Clock Information
            8.4.2) Asynchronous Control Signals Information
            8.4.3) Timing Summary
            8.4.4) Timing Details
            8.4.5) Cross Clock Domains Report


=========================================================================
*                      Synthesis Options Summary                        *
=========================================================================
---- Source Parameters
Input File Name                    : "alu.prj"
Ignore Synthesis Constraint File   : NO

---- Target Parameters
Output File Name                   : "alu"
Output Format                      : NGC
Target Device                      : xc6slx16-3-csg324

---- Source Options
Top Module Name                    : alu
Automatic FSM Extraction           : YES
FSM Encoding Algorithm             : Auto
Safe Implementation                : No
FSM Style                          : LUT
RAM Extraction                     : Yes
RAM Style                          : Auto
ROM Extraction                     : Yes
Shift Register Extraction          : YES
ROM Style                          : Auto
Resource Sharing                   : YES
Asynchronous To Synchronous        : NO
Shift Register Minimum Size        : 2
Use DSP Block                      : Auto
Automatic Register Balancing       : No

---- Target Options
LUT Combining                      : Auto
Reduce Control Sets                : Auto
Add IO Buffers                     : YES
Global Maximum Fanout              : 100000
Add Generic Clock Buffer(BUFG)     : 16
Register Duplication               : YES
Optimize Instantiated Primitives   : NO
Use Clock Enable                   : Auto
Use Synchronous Set                : Auto
Use Synchronous Reset              : Auto
Pack IO Registers into IOBs        : Auto
Equivalent register Removal        : YES

---- General Options
Optimization Goal                  : Speed
Optimization Effort                : 1
Power Reduction                    : NO
Keep Hierarchy                     : No
Netlist Hierarchy                  : As_Optimized
RTL Output                         : Yes
Global Optimization                : AllClockNets
Read Cores                         : YES
Write Timing Constraints           : NO
Cross Clock Analysis               : NO
Hierarchy Separator                : /
Bus Delimiter                      : <>
Case Specifier                     : Maintain
Slice Utilization Ratio            : 100
BRAM Utilization Ratio             : 100
DSP48 Utilization Ratio            : 100
Auto BRAM Packing                  : NO
Slice Utilization Ratio Delta      : 5

=========================================================================


=========================================================================
*                          HDL Parsing                                  *
=========================================================================
Analyzing Verilog file "C:\FPGA_PROJECTS\Computer\alu.v" into library work
Parsing module <alu>.
WARNING:HDLCompiler:1335 - "C:\FPGA_PROJECTS\Computer\alu.v" Line 6: Port op1 must not be declared to be an array
WARNING:HDLCompiler:1335 - "C:\FPGA_PROJECTS\Computer\alu.v" Line 7: Port op2 must not be declared to be an array
WARNING:HDLCompiler:1335 - "C:\FPGA_PROJECTS\Computer\alu.v" Line 8: Port act must not be declared to be an array
WARNING:HDLCompiler:1335 - "C:\FPGA_PROJECTS\Computer\alu.v" Line 9: Port res must not be declared to be an array
ERROR:HDLCompiler:251 - "C:\FPGA_PROJECTS\Computer\alu.v" Line 25: Cannot access memory act directly
ERROR:HDLCompiler:252 - "C:\FPGA_PROJECTS\Computer\alu.v" Line 27: Cannot assign a packed type to an unpacked type
ERROR:HDLCompiler:255 - "C:\FPGA_PROJECTS\Computer\alu.v" Line 27: Cannot assign to memory res directly
ERROR:HDLCompiler:251 - "C:\FPGA_PROJECTS\Computer\alu.v" Line 27: Cannot access memory op1 directly
ERROR:HDLCompiler:971 - "C:\FPGA_PROJECTS\Computer\alu.v" Line 27: Illegal operand for operator +
ERROR:HDLCompiler:1373 - "C:\FPGA_PROJECTS\Computer\alu.v" Line 27: Unpacked value/target cannot be used in assignment
ERROR:HDLCompiler:252 - "C:\FPGA_PROJECTS\Computer\alu.v" Line 28: Cannot assign a packed type to an unpacked type
ERROR:HDLCompiler:255 - "C:\FPGA_PROJECTS\Computer\alu.v" Line 28: Cannot assign to memory res directly
ERROR:HDLCompiler:251 - "C:\FPGA_PROJECTS\Computer\alu.v" Line 28: Cannot access memory op1 directly
ERROR:HDLCompiler:971 - "C:\FPGA_PROJECTS\Computer\alu.v" Line 28: Illegal operand for operator -
ERROR:HDLCompiler:1373 - "C:\FPGA_PROJECTS\Computer\alu.v" Line 28: Unpacked value/target cannot be used in assignment
ERROR:HDLCompiler:252 - "C:\FPGA_PROJECTS\Computer\alu.v" Line 29: Cannot assign a packed type to an unpacked type
ERROR:HDLCompiler:255 - "C:\FPGA_PROJECTS\Computer\alu.v" Line 29: Cannot assign to memory res directly
ERROR:HDLCompiler:251 - "C:\FPGA_PROJECTS\Computer\alu.v" Line 29: Cannot access memory op1 directly
ERROR:HDLCompiler:971 - "C:\FPGA_PROJECTS\Computer\alu.v" Line 29: Illegal operand for operator &
ERROR:HDLCompiler:1373 - "C:\FPGA_PROJECTS\Computer\alu.v" Line 29: Unpacked value/target cannot be used in assignment
ERROR:HDLCompiler:252 - "C:\FPGA_PROJECTS\Computer\alu.v" Line 30: Cannot assign a packed type to an unpacked type
ERROR:HDLCompiler:255 - "C:\FPGA_PROJECTS\Computer\alu.v" Line 30: Cannot assign to memory res directly
ERROR:HDLCompiler:251 - "C:\FPGA_PROJECTS\Computer\alu.v" Line 30: Cannot access memory op1 directly
Sorry, too many errors..
--> 

Total memory usage is 211780 kilobytes

Number of errors   :   19 (   0 filtered)
Number of warnings :    4 (   0 filtered)
Number of infos    :    0 (   0 filtered)

