Release 14.7 - xst P.20131013 (nt64)
Copyright (c) 1995-2013 Xilinx, Inc.  All rights reserved.
--> Parameter TMPDIR set to xst/projnav.tmp


Total REAL time to Xst completion: 0.00 secs
Total CPU time to Xst completion: 0.41 secs
 
--> Parameter xsthdpdir set to xst


Total REAL time to Xst completion: 0.00 secs
Total CPU time to Xst completion: 0.41 secs
 
--> Reading design: cpu.prj

TABLE OF CONTENTS
  1) Synthesis Options Summary
  2) HDL Parsing
  3) HDL Elaboration
  4) HDL Synthesis
       4.1) HDL Synthesis Report
  5) Advanced HDL Synthesis
       5.1) Advanced HDL Synthesis Report
  6) Low Level Synthesis
  7) Partition Report
  8) Design Summary
       8.1) Primitive and Black Box Usage
       8.2) Device utilization summary
       8.3) Partition Resource Summary
       8.4) Timing Report
            8.4.1) Clock Information
            8.4.2) Asynchronous Control Signals Information
            8.4.3) Timing Summary
            8.4.4) Timing Details
            8.4.5) Cross Clock Domains Report


=========================================================================
*                      Synthesis Options Summary                        *
=========================================================================
---- Source Parameters
Input File Name                    : "cpu.prj"
Ignore Synthesis Constraint File   : NO

---- Target Parameters
Output File Name                   : "cpu"
Output Format                      : NGC
Target Device                      : xc6slx16-3-csg324

---- Source Options
Top Module Name                    : cpu
Automatic FSM Extraction           : YES
FSM Encoding Algorithm             : Auto
Safe Implementation                : No
FSM Style                          : LUT
RAM Extraction                     : Yes
RAM Style                          : Auto
ROM Extraction                     : Yes
Shift Register Extraction          : YES
ROM Style                          : Auto
Resource Sharing                   : YES
Asynchronous To Synchronous        : NO
Shift Register Minimum Size        : 2
Use DSP Block                      : Auto
Automatic Register Balancing       : No

---- Target Options
LUT Combining                      : Auto
Reduce Control Sets                : Auto
Add IO Buffers                     : YES
Global Maximum Fanout              : 100000
Add Generic Clock Buffer(BUFG)     : 16
Register Duplication               : YES
Optimize Instantiated Primitives   : NO
Use Clock Enable                   : Auto
Use Synchronous Set                : Auto
Use Synchronous Reset              : Auto
Pack IO Registers into IOBs        : Auto
Equivalent register Removal        : YES

---- General Options
Optimization Goal                  : Speed
Optimization Effort                : 1
Power Reduction                    : NO
Keep Hierarchy                     : No
Netlist Hierarchy                  : As_Optimized
RTL Output                         : Yes
Global Optimization                : AllClockNets
Read Cores                         : YES
Write Timing Constraints           : NO
Cross Clock Analysis               : NO
Hierarchy Separator                : /
Bus Delimiter                      : <>
Case Specifier                     : Maintain
Slice Utilization Ratio            : 100
BRAM Utilization Ratio             : 100
DSP48 Utilization Ratio            : 100
Auto BRAM Packing                  : NO
Slice Utilization Ratio Delta      : 5

=========================================================================


=========================================================================
*                          HDL Parsing                                  *
=========================================================================
Analyzing Verilog file "C:\FPGA_PROJECTS\Computer\reg_file.v" into library work
Parsing module <reg_file>.
Analyzing Verilog file "C:\FPGA_PROJECTS\Computer\register.v" into library work
Parsing module <register>.
Analyzing Verilog file "C:\FPGA_PROJECTS\Computer\mux.v" into library work
Parsing module <mux1>.
Parsing module <mux2>.
Analyzing Verilog file "C:\FPGA_PROJECTS\Computer\counter.v" into library work
Parsing module <counter>.
Analyzing Verilog file "C:\FPGA_PROJECTS\Computer\ControlUnit.v" into library work
Parsing module <ControlUnit>.
Analyzing Verilog file "C:\FPGA_PROJECTS\Computer\alu.v" into library work
Parsing module <alu>.
Analyzing Verilog file "C:\FPGA_PROJECTS\Computer\cpu.v" into library work
Parsing module <cpu>.

=========================================================================
*                            HDL Elaboration                            *
=========================================================================
WARNING:HDLCompiler:1016 - "C:\FPGA_PROJECTS\Computer\cpu.v" Line 39: Port rst is not connected to this instance
WARNING:HDLCompiler:1016 - "C:\FPGA_PROJECTS\Computer\cpu.v" Line 40: Port rst is not connected to this instance
WARNING:HDLCompiler:1016 - "C:\FPGA_PROJECTS\Computer\cpu.v" Line 43: Port rst is not connected to this instance
WARNING:HDLCompiler:1016 - "C:\FPGA_PROJECTS\Computer\cpu.v" Line 48: Port overflow is not connected to this instance
WARNING:HDLCompiler:1016 - "C:\FPGA_PROJECTS\Computer\cpu.v" Line 50: Port counter_en is not connected to this instance

Elaborating module <cpu>.

Elaborating module <reg_file>.

Elaborating module <register>.

Elaborating module <alu>.

Elaborating module <mux2>.

Elaborating module <mux1(width=16)>.

Elaborating module <counter(width=16,maxval=100)>.
WARNING:HDLCompiler:413 - "C:\FPGA_PROJECTS\Computer\counter.v" Line 40: Result of 17-bit expression is truncated to fit in 16-bit target.
WARNING:HDLCompiler:189 - "C:\FPGA_PROJECTS\Computer\cpu.v" Line 48: Size mismatch in connection of port <rst>. Formal port size is 1-bit while actual signal size is 32-bit.

Elaborating module <ControlUnit>.
WARNING:HDLCompiler:634 - "C:\FPGA_PROJECTS\Computer\cpu.v" Line 33: Net <counter_en> does not have a driver.
WARNING:HDLCompiler:552 - "C:\FPGA_PROJECTS\Computer\cpu.v" Line 39: Input port rst is not connected on this instance
WARNING:HDLCompiler:552 - "C:\FPGA_PROJECTS\Computer\cpu.v" Line 40: Input port rst is not connected on this instance
WARNING:HDLCompiler:552 - "C:\FPGA_PROJECTS\Computer\cpu.v" Line 43: Input port rst is not connected on this instance
WARNING:Xst:2972 - "C:\FPGA_PROJECTS\Computer\cpu.v" line 37. All outputs of instance <regs> of block <reg_file> are unconnected in block <cpu>. Underlying logic will be removed.
WARNING:Xst:2972 - "C:\FPGA_PROJECTS\Computer\cpu.v" line 39. All outputs of instance <op1> of block <register> are unconnected in block <cpu>. Underlying logic will be removed.
WARNING:Xst:2972 - "C:\FPGA_PROJECTS\Computer\cpu.v" line 40. All outputs of instance <op2> of block <register> are unconnected in block <cpu>. Underlying logic will be removed.
WARNING:Xst:2972 - "C:\FPGA_PROJECTS\Computer\cpu.v" line 42. All outputs of instance <main> of block <alu> are unconnected in block <cpu>. Underlying logic will be removed.
WARNING:Xst:2972 - "C:\FPGA_PROJECTS\Computer\cpu.v" line 43. All outputs of instance <save_alu> of block <register> are unconnected in block <cpu>. Underlying logic will be removed.
WARNING:Xst:2972 - "C:\FPGA_PROJECTS\Computer\cpu.v" line 45. All outputs of instance <data_in> of block <mux2> are unconnected in block <cpu>. Underlying logic will be removed.
WARNING:Xst:2972 - "C:\FPGA_PROJECTS\Computer\cpu.v" line 50. All outputs of instance <cu> of block <ControlUnit> are unconnected in block <cpu>. Underlying logic will be removed.

=========================================================================
*                           HDL Synthesis                               *
=========================================================================

Synthesizing Unit <cpu>.
    Related source file is "C:\FPGA_PROJECTS\Computer\cpu.v".
WARNING:Xst:2898 - Port 'rst', unconnected in block instance 'op1', is tied to GND.
WARNING:Xst:2898 - Port 'rst', unconnected in block instance 'op2', is tied to GND.
WARNING:Xst:2898 - Port 'rst', unconnected in block instance 'save_alu', is tied to GND.
INFO:Xst:3210 - "C:\FPGA_PROJECTS\Computer\cpu.v" line 48: Output port <overflow> of the instance <addr_cnt> is unconnected or connected to loadless signal.
INFO:Xst:3210 - "C:\FPGA_PROJECTS\Computer\cpu.v" line 50: Output port <counter_en> of the instance <cu> is unconnected or connected to loadless signal.
WARNING:Xst:653 - Signal <counter_en> is used but never assigned. This sourceless signal will be automatically connected to value GND.
    Summary:
	no macro.
Unit <cpu> synthesized.

Synthesizing Unit <mux1>.
    Related source file is "C:\FPGA_PROJECTS\Computer\mux.v".
        width = 16
    Summary:
	no macro.
Unit <mux1> synthesized.

Synthesizing Unit <counter>.
    Related source file is "C:\FPGA_PROJECTS\Computer\counter.v".
        width = 16
        maxval = 100
    Found 1-bit register for signal <overflow>.
    Found 16-bit register for signal <mem>.
    Found 16-bit comparator greater for signal <n0001> created at line 31
    Summary:
	inferred  17 D-type flip-flop(s).
	inferred   1 Comparator(s).
Unit <counter> synthesized.

=========================================================================
HDL Synthesis Report

Macro Statistics
# Registers                                            : 2
 1-bit register                                        : 1
 16-bit register                                       : 1
# Comparators                                          : 1
 16-bit comparator greater                             : 1

=========================================================================

=========================================================================
*                       Advanced HDL Synthesis                          *
=========================================================================

WARNING:Xst:1293 - FF/Latch <mem_0> has a constant value of 0 in block <addr_cnt>. This FF/Latch will be trimmed during the optimization process.
WARNING:Xst:1293 - FF/Latch <mem_1> has a constant value of 0 in block <addr_cnt>. This FF/Latch will be trimmed during the optimization process.
WARNING:Xst:1293 - FF/Latch <mem_2> has a constant value of 0 in block <addr_cnt>. This FF/Latch will be trimmed during the optimization process.
WARNING:Xst:1293 - FF/Latch <mem_3> has a constant value of 0 in block <addr_cnt>. This FF/Latch will be trimmed during the optimization process.
WARNING:Xst:1293 - FF/Latch <mem_4> has a constant value of 0 in block <addr_cnt>. This FF/Latch will be trimmed during the optimization process.
WARNING:Xst:1293 - FF/Latch <mem_5> has a constant value of 0 in block <addr_cnt>. This FF/Latch will be trimmed during the optimization process.
WARNING:Xst:1293 - FF/Latch <mem_6> has a constant value of 0 in block <addr_cnt>. This FF/Latch will be trimmed during the optimization process.
WARNING:Xst:1293 - FF/Latch <mem_7> has a constant value of 0 in block <addr_cnt>. This FF/Latch will be trimmed during the optimization process.
WARNING:Xst:1293 - FF/Latch <mem_8> has a constant value of 0 in block <addr_cnt>. This FF/Latch will be trimmed during the optimization process.
WARNING:Xst:1293 - FF/Latch <mem_9> has a constant value of 0 in block <addr_cnt>. This FF/Latch will be trimmed during the optimization process.
WARNING:Xst:1293 - FF/Latch <mem_10> has a constant value of 0 in block <addr_cnt>. This FF/Latch will be trimmed during the optimization process.
WARNING:Xst:1293 - FF/Latch <mem_11> has a constant value of 0 in block <addr_cnt>. This FF/Latch will be trimmed during the optimization process.
WARNING:Xst:1293 - FF/Latch <mem_12> has a constant value of 0 in block <addr_cnt>. This FF/Latch will be trimmed during the optimization process.
WARNING:Xst:1293 - FF/Latch <mem_13> has a constant value of 0 in block <addr_cnt>. This FF/Latch will be trimmed during the optimization process.
WARNING:Xst:1293 - FF/Latch <mem_14> has a constant value of 0 in block <addr_cnt>. This FF/Latch will be trimmed during the optimization process.
WARNING:Xst:1293 - FF/Latch <mem_15> has a constant value of 0 in block <addr_cnt>. This FF/Latch will be trimmed during the optimization process.

=========================================================================
Advanced HDL Synthesis Report

Macro Statistics
# Registers                                            : 17
 Flip-Flops                                            : 17
# Comparators                                          : 1
 16-bit comparator greater                             : 1

=========================================================================

=========================================================================
*                         Low Level Synthesis                           *
=========================================================================
WARNING:Xst:1293 - FF/Latch <mem_0> has a constant value of 0 in block <counter>. This FF/Latch will be trimmed during the optimization process.
WARNING:Xst:1896 - Due to other FF/Latch trimming, FF/Latch <mem_1> has a constant value of 0 in block <counter>. This FF/Latch will be trimmed during the optimization process.
WARNING:Xst:1896 - Due to other FF/Latch trimming, FF/Latch <mem_2> has a constant value of 0 in block <counter>. This FF/Latch will be trimmed during the optimization process.
WARNING:Xst:1896 - Due to other FF/Latch trimming, FF/Latch <mem_3> has a constant value of 0 in block <counter>. This FF/Latch will be trimmed during the optimization process.
WARNING:Xst:1896 - Due to other FF/Latch trimming, FF/Latch <mem_4> has a constant value of 0 in block <counter>. This FF/Latch will be trimmed during the optimization process.
WARNING:Xst:1896 - Due to other FF/Latch trimming, FF/Latch <mem_5> has a constant value of 0 in block <counter>. This FF/Latch will be trimmed during the optimization process.
WARNING:Xst:1896 - Due to other FF/Latch trimming, FF/Latch <mem_6> has a constant value of 0 in block <counter>. This FF/Latch will be trimmed during the optimization process.
WARNING:Xst:1896 - Due to other FF/Latch trimming, FF/Latch <mem_7> has a constant value of 0 in block <counter>. This FF/Latch will be trimmed during the optimization process.
WARNING:Xst:1896 - Due to other FF/Latch trimming, FF/Latch <mem_8> has a constant value of 0 in block <counter>. This FF/Latch will be trimmed during the optimization process.
WARNING:Xst:1896 - Due to other FF/Latch trimming, FF/Latch <mem_9> has a constant value of 0 in block <counter>. This FF/Latch will be trimmed during the optimization process.
WARNING:Xst:1896 - Due to other FF/Latch trimming, FF/Latch <mem_10> has a constant value of 0 in block <counter>. This FF/Latch will be trimmed during the optimization process.
WARNING:Xst:1896 - Due to other FF/Latch trimming, FF/Latch <mem_11> has a constant value of 0 in block <counter>. This FF/Latch will be trimmed during the optimization process.
WARNING:Xst:1896 - Due to other FF/Latch trimming, FF/Latch <mem_12> has a constant value of 0 in block <counter>. This FF/Latch will be trimmed during the optimization process.
WARNING:Xst:1896 - Due to other FF/Latch trimming, FF/Latch <mem_13> has a constant value of 0 in block <counter>. This FF/Latch will be trimmed during the optimization process.
WARNING:Xst:1896 - Due to other FF/Latch trimming, FF/Latch <mem_14> has a constant value of 0 in block <counter>. This FF/Latch will be trimmed during the optimization process.
WARNING:Xst:1896 - Due to other FF/Latch trimming, FF/Latch <mem_15> has a constant value of 0 in block <counter>. This FF/Latch will be trimmed during the optimization process.
WARNING:Xst:2677 - Node <addr_cnt/overflow> of sequential type is unconnected in block <cpu>.

Optimizing unit <cpu> ...

Mapping all equations...
Building and optimizing final netlist ...
Found area constraint ratio of 100 (+ 5) on block cpu, actual ratio is 0.

Final Macro Processing ...

=========================================================================
Final Register Report

Found no macro
=========================================================================

=========================================================================
*                           Partition Report                            *
=========================================================================

Partition Implementation Status
-------------------------------

  No Partitions were found in this design.

-------------------------------

=========================================================================
*                            Design Summary                             *
=========================================================================

Top Level Output File Name         : cpu.ngc

Primitive and Black Box Usage:
------------------------------
# BELS                             : 1
#      GND                         : 1
# IO Buffers                       : 16
#      OBUF                        : 16

Device utilization summary:
---------------------------

Selected Device : 6slx16csg324-3 


Slice Logic Utilization: 

Slice Logic Distribution: 
 Number of LUT Flip Flop pairs used:      0
   Number with an unused Flip Flop:       0  out of      0         
   Number with an unused LUT:             0  out of      0         
   Number of fully used LUT-FF pairs:     0  out of      0         
   Number of unique control sets:         0

IO Utilization: 
 Number of IOs:                          34
 Number of bonded IOBs:                  16  out of    232     6%  

Specific Feature Utilization:

---------------------------
Partition Resource Summary:
---------------------------

  No Partitions were found in this design.

---------------------------


=========================================================================
Timing Report

NOTE: THESE TIMING NUMBERS ARE ONLY A SYNTHESIS ESTIMATE.
      FOR ACCURATE TIMING INFORMATION PLEASE REFER TO THE TRACE REPORT
      GENERATED AFTER PLACE-and-ROUTE.

Clock Information:
------------------
No clock signals found in this design

Asynchronous Control Signals Information:
----------------------------------------
No asynchronous control signals found in this design

Timing Summary:
---------------
Speed Grade: -3

   Minimum period: No path found
   Minimum input arrival time before clock: No path found
   Maximum output required time after clock: No path found
   Maximum combinational path delay: No path found

Timing Details:
---------------
All values displayed in nanoseconds (ns)

=========================================================================

Cross Clock Domains Report:
--------------------------

=========================================================================


Total REAL time to Xst completion: 18.00 secs
Total CPU time to Xst completion: 18.26 secs
 
--> 

Total memory usage is 264064 kilobytes

Number of errors   :    0 (   0 filtered)
Number of warnings :   55 (   0 filtered)
Number of infos    :    2 (   0 filtered)

